<?xml version="1.0" encoding="UTF-8"?>
<testsuite xmlns:xsi="http://www.w3.org/2001/XMLSchema-instance" xsi:noNamespaceSchemaLocation="https://maven.apache.org/surefire/maven-surefire-plugin/xsd/surefire-test-report.xsd" name="com.axreng.backend.service.UpdateServiceTest" time="0.006" tests="4" errors="0" skipped="0" failures="0">
  <properties>
[...]
</properties>
  <testcase name="testUpdate_WithValidIdAndStatus" classname="com.axreng.backend.service.UpdateServiceTest" time="0.001"/>
  <testcase name="testUpdate_WithInvalidId" classname="com.axreng.backend.service.UpdateServiceTest" time="0.002"/>
  <testcase name="testUpdate_WithInvalidStatus" classname="com.axreng.backend.service.UpdateServiceTest" time="0.001"/>
  <testcase name="testUpdate_WhenNotFound" classname="com.axreng.backend.service.UpdateServiceTest" time="0.001"/>
</testsuite>